<?xml version="1.0" encoding="UTF-8"?>
<!-- Generated by org.testng.reporters.JUnitReportReporter -->
<testsuite skipped="0" hostname="LAPTOP-5DN4VF2K" name="gov.uk.check.visa.testsuite.VisaConfirmationTest" tests="3" failures="0" timestamp="2022-12-16T15:46:56 GMT" time="10.956" errors="0">
  <testcase name="aChileanComingToTheUKForWorkAndPlansOnStayingForLongerThanSixMonths" time="3.608" classname="gov.uk.check.visa.testsuite.VisaConfirmationTest"/>
  <system-out>
    <![CDATA[Click on StartNow button [[ChromeDriver: chrome on WINDOWS (9de23909e43895bed8dba0d3f5c90c4a)] -> xpath: //a[@class='gem-c-button govuk-button govuk-button--start']]
Select Nationality[[ChromeDriver: chrome on WINDOWS (9de23909e43895bed8dba0d3f5c90c4a)] -> id: response]
Click NextStep Button[[ChromeDriver: chrome on WINDOWS (9de23909e43895bed8dba0d3f5c90c4a)] -> xpath: //button[contains(text(),'Continue')]]
Select immigration status [[ChromeDriver: chrome on WINDOWS (9de23909e43895bed8dba0d3f5c90c4a)] -> xpath: //label[@class='gem-c-label govuk-label govuk-radios__label']]
Click on continue[[ChromeDriver: chrome on WINDOWS (9de23909e43895bed8dba0d3f5c90c4a)] -> xpath: //button[contains(text(),'Continue')]]
Select length of stay[[ChromeDriver: chrome on WINDOWS (9de23909e43895bed8dba0d3f5c90c4a)] -> xpath: //button[contains(text(),'Continue')]]
Click on next button[[ChromeDriver: chrome on WINDOWS (9de23909e43895bed8dba0d3f5c90c4a)] -> xpath: //button[contains(text(),'Continue')]]
Select Job Type [[ChromeDriver: chrome on WINDOWS (9de23909e43895bed8dba0d3f5c90c4a)] -> xpath: //label[@class='gem-c-label govuk-label govuk-radios__label']]
Click on next[[ChromeDriver: chrome on WINDOWS (9de23909e43895bed8dba0d3f5c90c4a)] -> xpath: //button[contains(text(),'Continue')]]
Confirm result message[[ChromeDriver: chrome on WINDOWS (9de23909e43895bed8dba0d3f5c90c4a)] -> xpath: //h2[@class='gem-c-heading gem-c-heading--font-size-27 govuk-!-margin-bottom-6']]
Click to see screenshot
<a target = "_blank" href=C:\Users\hetar\IdeaProjects\home-office-visa-check/test-output/html/aChileanComingToTheUKForWorkAndPlansOnStayingForLongerThanSixMonthsFri_Dec_16_15_46_48_GMT_2022.jpg>Screenshot</a>
<br>
<br>
<a target = "_blank" href=C:\Users\hetar\IdeaProjects\home-office-visa-check/test-output/html/aChileanComingToTheUKForWorkAndPlansOnStayingForLongerThanSixMonthsFri_Dec_16_15_46_48_GMT_2022.jpg><img src=C:\Users\hetar\IdeaProjects\home-office-visa-check/test-output/html/aChileanComingToTheUKForWorkAndPlansOnStayingForLongerThanSixMonthsFri_Dec_16_15_46_48_GMT_2022.jpg height=200 width=200></img></a>]]>
  </system-out>
  <testcase name="anAustralianComingToUKForTourism" time="4.119" classname="gov.uk.check.visa.testsuite.VisaConfirmationTest"/>
  <system-out>
    <![CDATA[Click on StartNow button [[ChromeDriver: chrome on WINDOWS (770908f14d9a9f2bdf467c3b78622561)] -> xpath: //a[@class='gem-c-button govuk-button govuk-button--start']]
Select Nationality[[ChromeDriver: chrome on WINDOWS (770908f14d9a9f2bdf467c3b78622561)] -> id: response]
Click NextStep Button[[ChromeDriver: chrome on WINDOWS (770908f14d9a9f2bdf467c3b78622561)] -> xpath: //button[contains(text(),'Continue')]]
Select immigration status [[ChromeDriver: chrome on WINDOWS (770908f14d9a9f2bdf467c3b78622561)] -> xpath: //label[@class='gem-c-label govuk-label govuk-radios__label']]
Click on continue[[ChromeDriver: chrome on WINDOWS (770908f14d9a9f2bdf467c3b78622561)] -> xpath: //button[contains(text(),'Continue')]]
Get message
Confirm result message[[ChromeDriver: chrome on WINDOWS (770908f14d9a9f2bdf467c3b78622561)] -> xpath: //h2[@class='gem-c-heading gem-c-heading--font-size-27 govuk-!-margin-bottom-6']]
Click to see screenshot
<a target = "_blank" href=C:\Users\hetar\IdeaProjects\home-office-visa-check/test-output/html/anAustralianComingToUKForTourismFri_Dec_16_15_46_55_GMT_2022.jpg>Screenshot</a>
<br>
<br>
<a target = "_blank" href=C:\Users\hetar\IdeaProjects\home-office-visa-check/test-output/html/anAustralianComingToUKForTourismFri_Dec_16_15_46_55_GMT_2022.jpg><img src=C:\Users\hetar\IdeaProjects\home-office-visa-check/test-output/html/anAustralianComingToUKForTourismFri_Dec_16_15_46_55_GMT_2022.jpg height=200 width=200></img></a>]]>
  </system-out>
  <testcase name="aColumbianNationalComingToTheUKToJoinAPartnerForALongStayTheyDoHaveAnArticle10Or20Card" time="3.229" classname="gov.uk.check.visa.testsuite.VisaConfirmationTest"/>
  <system-out>
    <![CDATA[Click on StartNow button [[ChromeDriver: chrome on WINDOWS (d6da552517e41450fb043a9c994c075e)] -> xpath: //a[@class='gem-c-button govuk-button govuk-button--start']]
Select Nationality[[ChromeDriver: chrome on WINDOWS (d6da552517e41450fb043a9c994c075e)] -> id: response]
Click NextStep Button[[ChromeDriver: chrome on WINDOWS (d6da552517e41450fb043a9c994c075e)] -> xpath: //button[contains(text(),'Continue')]]
Select immigration status [[ChromeDriver: chrome on WINDOWS (d6da552517e41450fb043a9c994c075e)] -> xpath: //label[@class='gem-c-label govuk-label govuk-radios__label']]
Click on continue[[ChromeDriver: chrome on WINDOWS (d6da552517e41450fb043a9c994c075e)] -> xpath: //button[contains(text(),'Continue')]]
Confirm result message[[ChromeDriver: chrome on WINDOWS (d6da552517e41450fb043a9c994c075e)] -> xpath: //h2[@class='gem-c-heading gem-c-heading--font-size-27 govuk-!-margin-bottom-6']]
Click to see screenshot
<a target = "_blank" href=C:\Users\hetar\IdeaProjects\home-office-visa-check/test-output/html/aColumbianNationalComingToTheUKToJoinAPartnerForALongStayTheyDoHaveAnArticle10Or20CardFri_Dec_16_15_46_52_GMT_2022.jpg>Screenshot</a>
<br>
<br>
<a target = "_blank" href=C:\Users\hetar\IdeaProjects\home-office-visa-check/test-output/html/aColumbianNationalComingToTheUKToJoinAPartnerForALongStayTheyDoHaveAnArticle10Or20CardFri_Dec_16_15_46_52_GMT_2022.jpg><img src=C:\Users\hetar\IdeaProjects\home-office-visa-check/test-output/html/aColumbianNationalComingToTheUKToJoinAPartnerForALongStayTheyDoHaveAnArticle10Or20CardFri_Dec_16_15_46_52_GMT_2022.jpg height=200 width=200></img></a>]]>
  </system-out>
</testsuite> <!-- gov.uk.check.visa.testsuite.VisaConfirmationTest -->
